<?xml version="1.0" encoding="UTF-8"?>
<!-- Generated by org.testng.reporters.JUnitReportReporter -->
<testsuite skipped="0" hostname="LAPTOP-N98O9MGL" name="com.Test.OperatorTest" tests="1" failures="0" timestamp="12 Aug 2021 19:04:55 GMT" time="0.308" errors="0">
  <testcase name="validateDifferentWayOfConnect" time="0.308" classname="com.Test.OperatorTest"/>
</testsuite> <!-- com.Test.OperatorTest -->
