<?xml version="1.0" encoding="UTF-8"?>
<!-- Generated by org.testng.reporters.JUnitReportReporter -->
<testsuite skipped="0" hostname="LAPTOP-N98O9MGL" name="com.Test.LoginTest" tests="4" failures="0" timestamp="20 Aug 2021 11:09:48 GMT" time="0.840" errors="0">
  <testcase name="verifyHeaderName" time="0.081" classname="com.Test.LoginTest"/>
  <testcase name="verifySubHeaderName" time="0.056" classname="com.Test.LoginTest"/>
  <testcase name="verifyRegisterLink" time="0.056" classname="com.Test.LoginTest"/>
  <testcase name="ValidIdLogin" time="0.647" classname="com.Test.LoginTest"/>
</testsuite> <!-- com.Test.LoginTest -->
